<?xml version="1.0" encoding="UTF-8"?>
<!-- Generated by org.testng.reporters.JUnitReportReporter -->
<testsuite skipped="0" hostname="AWLIN-DT-11410" name="com.employeeapi.smoke.TC002_Single_Employee_Record" tests="8" failures="0" timestamp="10 Nov 2020 13:33:20 GMT" time="0.000" errors="0">
  <testcase name="checkResponsebody" time="0.000" classname="com.employeeapi.smoke.TC002_Single_Employee_Record"/>
  <testcase name="checkResponseTime" time="0.000" classname="com.employeeapi.smoke.TC002_Single_Employee_Record"/>
  <testcase name="checkServerType" time="0.000" classname="com.employeeapi.smoke.TC002_Single_Employee_Record"/>
  <testcase name="checkStatusLine" time="0.000" classname="com.employeeapi.smoke.TC002_Single_Employee_Record"/>
  <testcase name="contentEnCoding" time="0.000" classname="com.employeeapi.smoke.TC002_Single_Employee_Record"/>
  <testcase name="contentLenght" time="0.000" classname="com.employeeapi.smoke.TC002_Single_Employee_Record"/>
  <testcase name="checkStatuscode" time="0.000" classname="com.employeeapi.smoke.TC002_Single_Employee_Record"/>
  <testcase name="checkContentType" time="0.000" classname="com.employeeapi.smoke.TC002_Single_Employee_Record"/>
</testsuite> <!-- com.employeeapi.smoke.TC002_Single_Employee_Record -->
