<?xml version="1.0" encoding="UTF-8"?>
<!-- Generated by org.testng.reporters.JUnitReportReporter -->
<testsuite skipped="0" hostname="AWLIN-DT-11410" name="com.employeeapi.smoke.TC001_GET_RequestOne" tests="1" failures="0" timestamp="25 Sep 2020 06:53:12 GMT" time="0.000" errors="0">
  <testcase name="checkResponsebody" time="0.000" classname="com.employeeapi.smoke.TC001_GET_RequestOne"/>
</testsuite> <!-- com.employeeapi.smoke.TC001_GET_RequestOne -->
