<?xml version="1.0" encoding="UTF-8"?>
<!-- Generated by org.testng.reporters.JUnitReportReporter -->
<testsuite skipped="0" hostname="AWLIN-DT-11410" name="com.employeeapi.smoke.TC001_GET_Request" tests="8" failures="0" timestamp="10 Nov 2020 13:33:05 GMT" time="0.000" errors="0">
  <testcase name="checkResponsebody" time="0.000" classname="com.employeeapi.smoke.TC001_GET_Request"/>
  <testcase name="contentEnCoding" time="0.000" classname="com.employeeapi.smoke.TC001_GET_Request"/>
  <testcase name="checkResponseTime" time="0.000" classname="com.employeeapi.smoke.TC001_GET_Request"/>
  <testcase name="checkStatusLine" time="0.000" classname="com.employeeapi.smoke.TC001_GET_Request"/>
  <testcase name="checkcookies" time="0.000" classname="com.employeeapi.smoke.TC001_GET_Request"/>
  <testcase name="checkContentType" time="0.000" classname="com.employeeapi.smoke.TC001_GET_Request"/>
  <testcase name="checkStatuscode" time="0.000" classname="com.employeeapi.smoke.TC001_GET_Request"/>
  <testcase name="contentLenght" time="0.000" classname="com.employeeapi.smoke.TC001_GET_Request"/>
</testsuite> <!-- com.employeeapi.smoke.TC001_GET_Request -->
