<?xml version="1.0" encoding="UTF-8"?>
<!-- Generated by org.testng.reporters.JUnitReportReporter -->
<testsuite skipped="0" hostname="AWLIN-DT-11410" name="com.employeeapi.smoke.TC005_DELETE_Employee_Record" tests="1" failures="0" timestamp="10 Nov 2020 13:34:03 GMT" time="0.005" errors="0">
  <testcase name="checkStatuscode" time="0.005" classname="com.employeeapi.smoke.TC005_DELETE_Employee_Record"/>
</testsuite> <!-- com.employeeapi.smoke.TC005_DELETE_Employee_Record -->
