<?xml version="1.0" encoding="UTF-8"?>
<!-- Generated by org.testng.reporters.JUnitReportReporter -->
<testsuite skipped="0" hostname="AWLIN-DT-11410" name="com.employeeapi.smoke.TC004_PUT_Employee_Record" tests="7" failures="0" timestamp="10 Nov 2020 13:33:50 GMT" time="0.032" errors="0">
  <testcase name="checkServerType" time="0.000" classname="com.employeeapi.smoke.TC004_PUT_Employee_Record"/>
  <testcase name="checkStatuscode" time="0.031" classname="com.employeeapi.smoke.TC004_PUT_Employee_Record"/>
  <testcase name="checkResponseTime" time="0.000" classname="com.employeeapi.smoke.TC004_PUT_Employee_Record"/>
  <testcase name="checkContentType" time="0.000" classname="com.employeeapi.smoke.TC004_PUT_Employee_Record"/>
  <testcase name="contentLenght" time="0.000" classname="com.employeeapi.smoke.TC004_PUT_Employee_Record"/>
  <testcase name="checkStatusLine" time="0.000" classname="com.employeeapi.smoke.TC004_PUT_Employee_Record"/>
  <testcase name="checkResponsebody" time="0.001" classname="com.employeeapi.smoke.TC004_PUT_Employee_Record"/>
</testsuite> <!-- com.employeeapi.smoke.TC004_PUT_Employee_Record -->
